<?xml version="1.0" encoding="UTF-8"?>
<!-- Generated by org.testng.reporters.JUnitReportReporter -->
<testsuite hostname="DESKTOP-8933E9J" failures="0" tests="1" name="basics3" time="2.499" errors="0" timestamp="2020-12-28T00:54:00 MEZ" skipped="0">
  <testcase classname="basics3" name="AddAndDeletePlace" time="2.499"/>
</testsuite> <!-- basics3 -->
