<?xml version="1.0" encoding="UTF-8"?>
<!-- Generated by org.testng.reporters.JUnitReportReporter -->
<testsuite hostname="DESKTOP-8933E9J" failures="0" tests="1" name="excelDriven" time="4.017" errors="0" timestamp="2020-10-25T00:55:15 MESZ" skipped="0">
  <testcase classname="excelDriven" name="postData" time="4.017"/>
</testsuite> <!-- excelDriven -->
