<?xml version="1.0" encoding="UTF-8"?>
<!-- Generated by org.testng.reporters.JUnitReportReporter -->
<testsuite hostname="DESKTOP-8933E9J" failures="0" tests="1" name="basics2" time="2.613" errors="0" timestamp="2020-02-16T23:54:13 CET" skipped="0">
  <testcase classname="basics2" name="postData" time="2.613"/>
</testsuite> <!-- basics2 -->
