<?xml version="1.0" encoding="UTF-8"?>
<!-- Generated by org.testng.reporters.JUnitReportReporter -->
<testsuite hostname="DESKTOP-8933E9J" failures="0" tests="1" name="basics4" time="2.652" errors="0" timestamp="2020-02-21T00:24:00 CET" skipped="0">
  <testcase classname="basics4" name="postData" time="2.652"/>
</testsuite> <!-- basics4 -->
