<?xml version="1.0" encoding="UTF-8"?>
<!-- Generated by org.testng.reporters.JUnitReportReporter -->
<testsuite hostname="DESKTOP-8933E9J" failures="0" tests="1" name="basics" time="2.505" errors="0" timestamp="2020-02-23T12:40:15 CET" skipped="0">
  <testcase classname="basics" name="Test" time="2.505"/>
</testsuite> <!-- basics -->
